<?xml version="1.0" encoding="UTF-8"?>
<testng-results skipped="0" failed="0" ignored="0" total="1" passed="1">
  <reporter-output>
  </reporter-output>
  <suite name="Default suite" duration-ms="55938" started-at="2020-03-11T17:54:09Z" finished-at="2020-03-11T17:55:05Z">
    <groups>
    </groups>
    <test name="Default test" duration-ms="55938" started-at="2020-03-11T17:54:09Z" finished-at="2020-03-11T17:55:05Z">
      <class name="com.testcases.SummerVacationTest">
        <test-method status="PASS" signature="before_suite()[pri:0, instance:com.testcases.SummerVacationTest@6e1ec318]" name="before_suite" is-config="true" duration-ms="50" started-at="2020-03-11T17:54:09Z" finished-at="2020-03-11T17:54:09Z">
          <reporter-output>
          </reporter-output>
        </test-method> <!-- before_suite -->
        <test-method status="PASS" signature="beforeTest()[pri:0, instance:com.testcases.SummerVacationTest@6e1ec318]" name="beforeTest" is-config="true" duration-ms="18703" started-at="2020-03-11T17:54:09Z" finished-at="2020-03-11T17:54:28Z">
          <reporter-output>
          </reporter-output>
        </test-method> <!-- beforeTest -->
        <test-method status="PASS" signature="vaccationTest(java.lang.String, java.lang.String, java.lang.String)[pri:0, instance:com.testcases.SummerVacationTest@6e1ec318]" name="vaccationTest" duration-ms="35100" started-at="2020-03-11T17:54:30Z" data-provider="dp" finished-at="2020-03-11T17:55:05Z">
          <params>
            <param index="0">
              <value>
                <![CDATA[xyz]]>
              </value>
            </param>
            <param index="1">
              <value>
                <![CDATA[abc1234567890]]>
              </value>
            </param>
            <param index="2">
              <value>
                <![CDATA[how do we doning]]>
              </value>
            </param>
          </params>
          <reporter-output>
          </reporter-output>
        </test-method> <!-- vaccationTest -->
      </class> <!-- com.testcases.SummerVacationTest -->
    </test> <!-- Default test -->
  </suite> <!-- Default suite -->
</testng-results>
